TV Channels:
rtsp://3gp-tv2.unwire.dk/livestreaming/tv2/tv2news/tv2news_108k.sdp
rtsp://202.146.92.43/Live/FTV/Astro_FTV.sdp
rtsp://stream.roktv.com/rtpencoder/v2_music.sdp
rtsp://stream.roktv.com/rtpencoder/studio411.sdp
rtsp://stream.the.sk/live/joj/joj-hm.3gp
rtsp://stream.the.sk/live/aztv/aztv-hm.3gp
rtsp://stream.the.sk/live/musicbox/musicbox-hm.3gp


AdventureFree.TV
rtsp://video3.multicasttech.com/AFTVAdventure3GPP296.sdp

CartoonsFree.TV
rtsp://video2.multicasttech.com/AFTVCartoons3GPP296.sdp

ClassicsFree.TV
rtsp://video3.multicasttech.com/AFTVClassics3GPP296.sdp

ComedyFree.TV
rtsp://video3.multicasttech.com/AFTVComedy3GPP296.sdp

CrimeFree.TV
rtsp://video2.multicasttech.com/AFTVCrime3GPP296.sdp

HalloweenFree.TV<
rtsp://video3.multicasttech.com/AFTVHalloween3GPP296.sdp